<?xml version="1.0" encoding="UTF-8"?>
<testExecutions version="1">
  <file path="/home/travis/build/SonarSource/SonarTS/sonarts-core/tests/cfg/cfg.test.ts">
    <testCase name="empty file" duration="33"/>
    <testCase name="simple literals" duration="31"/>
    <testCase name="identifier expression" duration="9"/>
    <testCase name="call expression" duration="6"/>
    <testCase name="call expression with parameters" duration="10"/>
    <testCase name="assignment" duration="7"/>
    <testCase name="assignment and binary" duration="5"/>
    <testCase name="conditional expression" duration="7"/>
    <testCase name="assignment of conditional expression" duration="6"/>
    <testCase name="array literal" duration="6"/>
    <testCase name="template expression (string literal)" duration="6"/>
    <testCase name="declaration expressions" duration="22"/>
    <testCase name="property access" duration="10"/>
    <testCase name="element access" duration="16"/>
    <testCase name="new expression" duration="17"/>
    <testCase name="tagged template" duration="11"/>
    <testCase name="type assertion expression" duration="12"/>
    <testCase name="delete/typeof/void/await expressions" duration="21"/>
    <testCase name="prefix unary expression" duration="9"/>
    <testCase name="postfix unary expression" duration="10"/>
    <testCase name="&apos;as&apos; expression" duration="5"/>
    <testCase name="non-null expression" duration="9"/>
    <testCase name="spread element" duration="5"/>
    <testCase name="metaproperty" duration="5"/>
    <testCase name="yield expression" duration="11"/>
    <testCase name="&amp;&amp;" duration="10"/>
    <testCase name="parenthesized" duration="12"/>
    <testCase name="||" duration="11"/>
    <testCase name="complex conditional" duration="16"/>
    <testCase name="simple binary operators" duration="58"/>
    <testCase name="keywords" duration="6"/>
    <testCase name="object literal" duration="7"/>
    <testCase name="object destructuring assignment" duration="7"/>
    <testCase name="jsx tag names" duration="36"/>
    <testCase name="jsx attributes" duration="26"/>
    <testCase name="jsx children" duration="17"/>
    <testCase name="if statement" duration="21"/>
    <testCase name="block" duration="6"/>
    <testCase name="for loop" duration="7"/>
    <testCase name="complete for loop" duration="6"/>
    <testCase name="infinite for loop" duration="6"/>
    <testCase name="while loop" duration="11"/>
    <testCase name="do while loop" duration="6"/>
    <testCase name="for in loop" duration="6"/>
    <testCase name="for of loop" duration="6"/>
    <testCase name="switch without break and defaults" duration="22"/>
    <testCase name="switch with default" duration="27"/>
    <testCase name="return" duration="6"/>
    <testCase name="should not forget successors of branching nodes" duration="6"/>
    <testCase name="empty statement" duration="12"/>
    <testCase name="declarations" duration="26"/>
    <testCase name="variable statement" duration="21"/>
    <testCase name="&apos;with&apos; statement" duration="5"/>
    <testCase name="&apos;throw&apos; statement" duration="6"/>
    <testCase name="continue statement" duration="89"/>
    <testCase name="double continue" duration="5"/>
    <testCase name="break statement" duration="95"/>
    <testCase name="labels" duration="14"/>
    <testCase name="mix continue/break statement" duration="6"/>
  </file>
  <file path="/home/travis/build/SonarSource/SonarTS/sonarts-core/tests/symbols/symbols.test.ts">
    <testCase name="variable declarations" duration="8"/>
    <testCase name="other declarations" duration="30"/>
    <testCase name="writes" duration="20"/>
    <testCase name="reads" duration="8"/>
    <testCase name="read-writes" duration="15"/>
    <testCase name="same symbol for shorthand property" duration="4"/>
  </file>
  <file path="/home/travis/build/SonarSource/SonarTS/sonarts-core/tests/tools/cfgViewer/transformer.test.ts">
    <testCase name="should create single block with one element" duration="4"/>
    <testCase name="should create multi-element block" duration="1"/>
    <testCase name="should create edge to the same block" duration="0"/>
    <testCase name="should create branch" duration="2"/>
    <testCase name="should create a loop between nodes" duration="1"/>
    <testCase name="should create unique edge ids" duration="1"/>
  </file>
  <file path="/home/travis/build/SonarSource/SonarTS/sonarts-core/tests/runner/sonartsServer.test.ts">
    <testCase name="run analysis on provided content" duration="660"/>
    <testCase name="creates type-checker-based issue" duration="409"/>
    <testCase name="creates cross-file type-checker-based issue" duration="500"/>
    <testCase name="is able to process partial request" duration="869"/>
    <testCase name="reports syntax error" duration="281"/>
  </file>
  <file path="/home/travis/build/SonarSource/SonarTS/sonarts-core/tests/symbols/lva.test.ts">
    <testCase name="linear" duration="9"/>
    <testCase name="simple if" duration="3"/>
    <testCase name="simple loop" duration="3"/>
    <testCase name="loops and branches" duration="8"/>
    <testCase name="ignore class fields" duration="2"/>
    <testCase name="ignore symbols used in nested functions" duration="3"/>
    <testCase name="destructuring" duration="3"/>
  </file>
  <file path="/home/travis/build/SonarSource/SonarTS/sonarts-core/tests/se/se.test.ts">
    <testCase name="Variable Declaration creates unknown symbolic value" duration="17"/>
    <testCase name="Variable Declaration creates literal symbolic value" duration="8"/>
    <testCase name="Variable Declaration initializes with undefined" duration="7"/>
    <testCase name="Variable Declaration initializes with already known symbolic value" duration="9"/>
    <testCase name="Assignment assigns already known symbolic value" duration="9"/>
    <testCase name="Assignment assigns literal symbolic value" duration="7"/>
    <testCase name="Assignment assigns unknown symbolic value" duration="7"/>
    <testCase name="Assignment chains assignments" duration="7"/>
    <testCase name="Assignment assigns unknown to all destructuring identifiers" duration="7"/>
    <testCase name="Increments Decrements changes SV after postfix" duration="15"/>
    <testCase name="Conditions tracks symbolic values across branches" duration="10"/>
    <testCase name="Loops does not cycle on loops" duration="12"/>
    <testCase name="Parameters initializes program state with parameters symbols to unknown" duration="8"/>
  </file>
  <file path="/home/travis/build/SonarSource/SonarTS/sonarts-core/tests/runner/tsrunner.test.ts">
    <testCase name="should process full input" duration="1304"/>
    <testCase name="should process files with BOM correctly" duration="801"/>
    <testCase name="should report syntax errors" duration="490"/>
  </file>
  <file path="/home/travis/build/SonarSource/SonarTS/sonarts-core/tests/runner/cpd.test.ts">
    <testCase name="should not skip any token" duration="14"/>
    <testCase name="should skip comments" duration="10"/>
    <testCase name="should provide correct position" duration="7"/>
    <testCase name="should replace strings" duration="27"/>
    <testCase name="should process JSX syntax" duration="6"/>
    <testCase name="should process JSX syntax with empty text elements" duration="6"/>
    <testCase name="should process JSX syntax with not empty text elements" duration="7"/>
  </file>
  <file path="/home/travis/build/SonarSource/SonarTS/sonarts-core/tests/runner/highlighter.test.ts">
    <testCase name="should highlight keywords" duration="12"/>
    <testCase name="should highlight comments" duration="8"/>
    <testCase name="should highlight strings" duration="36"/>
    <testCase name="should highlight numbers" duration="21"/>
  </file>
  <file path="/home/travis/build/SonarSource/SonarTS/sonarts-core/tests/runner/metrics.test.ts">
    <testCase name="should return lines of code and comment lines" duration="10"/>
    <testCase name="should return NOSONAR lines" duration="6"/>
    <testCase name="should return executable lines" duration="15"/>
    <testCase name="should count classes" duration="7"/>
    <testCase name="should count functions" duration="9"/>
    <testCase name="should count statements" duration="9"/>
  </file>
  <file path="/home/travis/build/SonarSource/SonarTS/sonarts-core/tests/se/constraints.test.ts">
    <testCase name="If constrains condition to TRUTHY for THEN branch" duration="13"/>
    <testCase name="If constrains condition to FALSY for ELSE branch" duration="9"/>
    <testCase name="If merges constraints after the block" duration="6"/>
    <testCase name="If constrains nested IFs" duration="7"/>
    <testCase name="Conditional expression constrains condition to TRUTHY" duration="7"/>
    <testCase name="Conditional expression constrains condition to FALSE" duration="6"/>
    <testCase name="Conditional expression merges constraints after the block" duration="7"/>
    <testCase name="While constrains condition to TRUTHY" duration="9"/>
    <testCase name="While has only FALSY constraint after the block" duration="7"/>
  </file>
  <file path="/home/travis/build/SonarSource/SonarTS/sonarts-core/tests/runner/sonarUtils.test.ts">
    <testCase name="should stringify to stream" duration="3"/>
  </file>
  <file path="/home/travis/build/SonarSource/SonarTS/sonarts-core/tests/runner/languageService.test.ts">
    <testCase name="should return type information" duration="491"/>
  </file>
  <file path="/home/travis/build/SonarSource/SonarTS/sonarts-core/tests/runner/symbolHighlighting.test.ts">
    <testCase name="should return symbols and their references" duration="17"/>
  </file>
  <file path="/home/travis/build/SonarSource/SonarTS/sonarts-core/tests/se/expressions.test.ts">
    <testCase name="assignment" duration="16"/>
    <testCase name="function call" duration="8"/>
    <testCase name="function call with parameters" duration="7"/>
    <testCase name="object declaration" duration="7"/>
    <testCase name="property access expression" duration="7"/>
    <testCase name="defaults to pushing unknown value" duration="6"/>
    <testCase name="postfix increment" duration="6"/>
    <testCase name="does not push value to the stack" duration="6"/>
  </file>
  <file path="/home/travis/build/SonarSource/SonarTS/sonarts-core/tests/utils/complexity.test.ts">
    <testCase name="should count complexity not skipping functions" duration="9"/>
    <testCase name="should count cognitive complexity for file" duration="8"/>
  </file>
  <file path="/home/travis/build/SonarSource/SonarTS/sonarts-core/tests/runner/rules.test.ts">
    <testCase name="should run sonarts rules" duration="1336"/>
  </file>
  <file path="/home/travis/build/SonarSource/SonarTS/sonarts-core/tests/rules/rulesProfile.test.ts">
    <testCase name="should contain all implemented rules" duration="3"/>
  </file>
  <file path="/home/travis/build/SonarSource/SonarTS/sonarts-core/tests/cfg/cfgBlock.test.ts">
    <testCase name="should create simple label" duration="2"/>
    <testCase name="should create multi-line label" duration="0"/>
  </file>
  <file path="/home/travis/build/SonarSource/SonarTS/sonarts-core/tests/rules/rulesReadme.test.ts">
    <testCase name="should contain all rules listed in extension" duration="20"/>
  </file>
  <file path="/home/travis/build/SonarSource/SonarTS/sonarts-core/tests/rules/noHardcodedCredentialsRule/noHardcodedCredentialsRule.test.ts">
    <testCase name="raises error" duration="14"/>
    <testCase name="raises errors with custom configuration" duration="7"/>
  </file>
  <file path="/home/travis/build/SonarSource/SonarTS/sonarts-core/tests/rules/parametersMaxNumberRule/parametersMaxNumberRule.test.ts">
    <testCase name="raises errors with default parameter" duration="1144"/>
    <testCase name="raises errors when set to Zero" duration="506"/>
  </file>
  <file path="/home/travis/build/SonarSource/SonarTS/sonarts-core/tests/rules/cognitiveComplexityRule/cognitiveComplexityRule.test.ts">
    <testCase name="raises errors with default parameter" duration="14"/>
    <testCase name="raises errors when set to Zero" duration="34"/>
  </file>
  <file path="/home/travis/build/SonarSource/SonarTS/sonarts-core/tests/rules/mccabeComplexityRule/mccabeComplexityRule.test.ts">
    <testCase name="raises errors with default parameter" duration="13"/>
    <testCase name="raises errors when set to 1" duration="13"/>
  </file>
  <file path="/home/travis/build/SonarSource/SonarTS/sonarts-core/tests/rules/noBigFunctionRule/noBigFunctionRule.test.ts">
    <testCase name="raises error with default" duration="9"/>
    <testCase name="raises errors when set to 5" duration="17"/>
  </file>
  <file path="/home/travis/build/SonarSource/SonarTS/sonarts-core/tests/rules/maxUnionSizeRule/maxUnionSizeRule.test.ts">
    <testCase name="raises error" duration="14"/>
    <testCase name="raises errors when set to 5" duration="6"/>
  </file>
  <file path="/home/travis/build/SonarSource/SonarTS/sonarts-core/tests/rules/noVariableUsageBeforeDeclarationRule/noVariableUsageBeforeDeclarationRule.test.ts">
    <testCase name="raises error" duration="1381"/>
  </file>
  <file path="/home/travis/build/SonarSource/SonarTS/sonarts-core/tests/rules/noMultilineStringLiteralsRule/noMultilineStringLiteralsRule.test.ts">
    <testCase name="raises error" duration="10"/>
  </file>
  <file path="/home/travis/build/SonarSource/SonarTS/sonarts-core/tests/rules/noCollectionSizeMischeckRule/noCollectionSizeMischeckRule.test.ts">
    <testCase name="raises error" duration="1362"/>
  </file>
  <file path="/home/travis/build/SonarSource/SonarTS/sonarts-core/tests/rules/noNestedTemplateLiteralsRule/noNestedTemplateLiteralsRule.test.ts">
    <testCase name="raises error" duration="18"/>
  </file>
  <file path="/home/travis/build/SonarSource/SonarTS/sonarts-core/tests/rules/noGratuitousExpressionsRule/noGratuitousExpressionsRule.test.ts">
    <testCase name="raises error" duration="1803"/>
  </file>
  <file path="/home/travis/build/SonarSource/SonarTS/sonarts-core/tests/rules/noAccessorFieldMismatchRule/noAccessorFieldMismatchRule.test.ts">
    <testCase name="raises error" duration="1390"/>
  </file>
  <file path="/home/travis/build/SonarSource/SonarTS/sonarts-core/tests/rules/noAllDuplicatedBranchesRule/noAllDuplicatedBranchesRule.test.ts">
    <testCase name="raises error" duration="22"/>
  </file>
  <file path="/home/travis/build/SonarSource/SonarTS/sonarts-core/tests/rules/noDuplicateInCompositeRule/noDuplicateInCompositeRule.test.ts">
    <testCase name="raises error" duration="19"/>
  </file>
  <file path="/home/travis/build/SonarSource/SonarTS/sonarts-core/tests/rules/noRedundantParenthesesRule/noRedundantParenthesesRule.test.ts">
    <testCase name="raises error" duration="10"/>
  </file>
  <file path="/home/travis/build/SonarSource/SonarTS/sonarts-core/tests/rules/preferPromiseShorthandRule/preferPromiseShorthandRule.test.ts">
    <testCase name="raises error" duration="14"/>
  </file>
  <file path="/home/travis/build/SonarSource/SonarTS/sonarts-core/tests/rules/noIdenticalExpressionsRule/noIdenticalExpressionsRule.test.ts">
    <testCase name="raises error" duration="24"/>
  </file>
  <file path="/home/travis/build/SonarSource/SonarTS/sonarts-core/tests/rules/preferImmediateReturnRule/preferImmediateReturnRule.test.ts">
    <testCase name="raises error" duration="1473"/>
  </file>
  <file path="/home/travis/build/SonarSource/SonarTS/sonarts-core/tests/rules/noUselessIntersectionRule/noUselessIntersectionRule.test.ts">
    <testCase name="raises error" duration="1885"/>
  </file>
  <file path="/home/travis/build/SonarSource/SonarTS/sonarts-core/tests/rules/noSameLineConditionalRule/noSameLineConditionalRule.test.ts">
    <testCase name="raises error" duration="26"/>
  </file>
  <file path="/home/travis/build/SonarSource/SonarTS/sonarts-core/tests/rules/noIgnoredInitialValueRule/noIgnoredInitialValueRule.test.ts">
    <testCase name="raises error" duration="1490"/>
  </file>
  <file path="/home/travis/build/SonarSource/SonarTS/sonarts-core/tests/rules/noIdenticalConditionsRule/noIdenticalConditionsRule.test.ts">
    <testCase name="raises error" duration="13"/>
  </file>
  <file path="/home/travis/build/SonarSource/SonarTS/sonarts-core/tests/rules/noIdenticalFunctionsRule/noIdenticalFunctionsRule.test.ts">
    <testCase name="raises error" duration="22"/>
  </file>
  <file path="/home/travis/build/SonarSource/SonarTS/sonarts-core/tests/rules/noStatementsSameLineRule/noStatementsSameLineRule.test.ts">
    <testCase name="raises error" duration="21"/>
  </file>
  <file path="/home/travis/build/SonarSource/SonarTS/sonarts-core/tests/rules/noEmptyDestructuringRule/noEmptyDestructuringRule.test.ts">
    <testCase name="raises error" duration="12"/>
  </file>
  <file path="/home/travis/build/SonarSource/SonarTS/sonarts-core/tests/rules/consecutiveOverloadsRule/consecutiveOverloadsRule.test.ts">
    <testCase name="raises error" duration="818"/>
  </file>
  <file path="/home/travis/build/SonarSource/SonarTS/sonarts-core/tests/rules/noDuplicatedBranchesRule/noDuplicatedBranchesRule.test.ts">
    <testCase name="raises error" duration="22"/>
  </file>
  <file path="/home/travis/build/SonarSource/SonarTS/sonarts-core/tests/rules/noEmptyNestedBlocksRule/noEmptyNestedBlocksRule.test.ts">
    <testCase name="raises error" duration="23"/>
  </file>
  <file path="/home/travis/build/SonarSource/SonarTS/sonarts-core/tests/rules/noUndefinedArgumentRule/noUndefinedArgumentRule.test.ts">
    <testCase name="raises error" duration="1456"/>
  </file>
  <file path="/home/travis/build/SonarSource/SonarTS/sonarts-core/tests/rules/noUselessIncrementRule/noUselessIncrementRule.test.ts">
    <testCase name="raises error" duration="11"/>
  </file>
  <file path="/home/travis/build/SonarSource/SonarTS/sonarts-core/tests/rules/noUnenclosedMultilineBlockRule/noUnenclosedMultilineBlockRule.test.ts">
    <testCase name="test" duration="19"/>
  </file>
  <file path="/home/travis/build/SonarSource/SonarTS/sonarts-core/tests/rules/noElementOverwriteRule/noElementOverwriteRule.test.ts">
    <testCase name="raises error" duration="1347"/>
  </file>
  <file path="/home/travis/build/SonarSource/SonarTS/sonarts-core/tests/rules/noRedundantBooleanRule/noRedundantBooleanRule.test.ts">
    <testCase name="raises error" duration="770"/>
  </file>
  <file path="/home/travis/build/SonarSource/SonarTS/sonarts-core/tests/rules/noDuplicateStringRule/noDuplicateStringRule.test.ts">
    <testCase name="raises error" duration="13"/>
  </file>
  <file path="/home/travis/build/SonarSource/SonarTS/sonarts-core/tests/rules/preferDefaultLastRule/preferDefaultLastRule.test.ts">
    <testCase name="raises error" duration="23"/>
  </file>
  <file path="/home/travis/build/SonarSource/SonarTS/sonarts-core/tests/rules/noMisleadingArrayReverseRule/noMisleadingArrayReverseRule.test.ts">
    <testCase name="test" duration="1436"/>
  </file>
  <file path="/home/travis/build/SonarSource/SonarTS/sonarts-core/tests/rules/usePrimitiveTypeRule/usePrimitiveTypeRule.test.ts">
    <testCase name="raises error" duration="17"/>
  </file>
  <file path="/home/travis/build/SonarSource/SonarTS/sonarts-core/tests/rules/noExtraSemicolonRule/noExtraSemicolonRule.test.ts">
    <testCase name="raises error" duration="10"/>
  </file>
  <file path="/home/travis/build/SonarSource/SonarTS/sonarts-core/tests/rules/noRedundantJumpRule/noRedundantJumpRule.test.ts">
    <testCase name="raises error" duration="17"/>
  </file>
  <file path="/home/travis/build/SonarSource/SonarTS/sonarts-core/tests/rules/noUseOfEmptyReturnValueRule/noUseOfEmptyReturnValueRule.test.ts">
    <testCase name="test" duration="1426"/>
  </file>
  <file path="/home/travis/build/SonarSource/SonarTS/sonarts-core/tests/rules/noCommentedCodeRule/noCommentedCodeRule.test.ts">
    <testCase name="raises error" duration="39"/>
  </file>
  <file path="/home/travis/build/SonarSource/SonarTS/sonarts-core/tests/rules/noReturnTypeAnyRule/noReturnTypeAnyRule.test.ts">
    <testCase name="raises error" duration="1404"/>
  </file>
  <file path="/home/travis/build/SonarSource/SonarTS/sonarts-core/tests/rules/noInvalidAwaitRule/noInvalidAwaitRule.test.ts">
    <testCase name="raises error" duration="1421"/>
  </file>
  <file path="/home/travis/build/SonarSource/SonarTS/sonarts-core/tests/rules/noNestedIncdecRule/noNestedIncdecRule.test.ts">
    <testCase name="raises error" duration="19"/>
  </file>
  <file path="/home/travis/build/SonarSource/SonarTS/sonarts-core/tests/rules/noUnusedArrayRule/noUnusedArrayRule.test.ts">
    <testCase name="raises error" duration="1483"/>
  </file>
  <file path="/home/travis/build/SonarSource/SonarTS/sonarts-core/tests/rules/noUselessCastRule/noUselessCastRule.test.ts">
    <testCase name="raises error" duration="1435"/>
  </file>
  <file path="/home/travis/build/SonarSource/SonarTS/sonarts-core/tests/rules/noSmallSwitchRule/noSmallSwitchRule.test.ts">
    <testCase name="raises error" duration="13"/>
  </file>
  <file path="/home/travis/build/SonarSource/SonarTS/sonarts-core/tests/rules/noArrayDeleteRule/noArrayDeleteRule.test.ts">
    <testCase name="raises error" duration="2175"/>
  </file>
  <file path="/home/travis/build/SonarSource/SonarTS/sonarts-core/tests/rules/noCaseWithOrRule/noCaseWithOrRule.test.ts">
    <testCase name="raises error" duration="12"/>
  </file>
  <file path="/home/travis/build/SonarSource/SonarTS/sonarts-core/tests/rules/noMisspelledOperatorRule/noMisspelledOperatorRule.test.ts">
    <testCase name="test" duration="12"/>
  </file>
  <file path="/home/travis/build/SonarSource/SonarTS/sonarts-core/tests/rules/noInconsistentReturnRule/noInconsistentReturnRule.test.ts">
    <testCase name="test" duration="26"/>
  </file>
  <file path="/home/travis/build/SonarSource/SonarTS/sonarts-core/tests/rules/useTypeAliasRule/useTypeAliasRule.test.ts">
    <testCase name="raises error" duration="1390"/>
  </file>
  <file path="/home/travis/build/SonarSource/SonarTS/sonarts-core/tests/rules/noUnconditionalJumpRule/noUnconditionalJumpRule.test.ts">
    <testCase name="test" duration="109"/>
  </file>
  <file path="/home/travis/build/SonarSource/SonarTS/sonarts-core/tests/rules/noDeadStoreRule/noDeadStoreRule.test.ts">
    <testCase name="raises error" duration="1420"/>
  </file>
  <file path="/home/travis/build/SonarSource/SonarTS/sonarts-core/tests/rules/noInMisuseRule/noInMisuseRule.test.ts">
    <testCase name="raises error" duration="1459"/>
  </file>
  <file path="/home/travis/build/SonarSource/SonarTS/sonarts-core/tests/rules/noSelfAssignmentRule/noSelfAssignmentRule.test.ts">
    <testCase name="test" duration="1518"/>
  </file>
  <file path="/home/travis/build/SonarSource/SonarTS/sonarts-core/tests/rules/noUnthrownErrorRule/noUnthrownErrorRule.test.ts">
    <testCase name="test" duration="11"/>
  </file>
  <file path="/home/travis/build/SonarSource/SonarTS/sonarts-core/tests/rules/noIgnoredReturnRule/noIgnoredReturnRule.test.ts">
    <testCase name="test" duration="1457"/>
  </file>
</testExecutions>